<?xml version="1.0" encoding="UTF-8"?>
<!-- Generated by org.testng.reporters.JUnitXMLReporter -->
<testsuite hostname="Sachins-MacBook-Air.local" ignored="0" name="Default test" tests="3" failures="0" timestamp="16 Aug 2018 10:25:10 GMT" time="53.124" errors="0">
  <testcase name="pageTitleTest" time="3.025" classname="com.qa.sweety.tests.LoginPageTest"/>
  <testcase name="loginTest" time="7.343" classname="com.qa.sweety.tests.LoginPageTest"/>
  <testcase name="loginTest" time="27.557" classname="com.qa.sweety.tests.LoginPageTest"/>
</testsuite> <!-- Default test -->
