<?xml version="1.0" encoding="UTF-8"?>
<!-- Generated by org.testng.reporters.JUnitXMLReporter -->
<testsuite hostname="Sachins-MacBook-Air.local" ignored="0" name="Test1" tests="3" failures="0" timestamp="12 Aug 2018 15:42:04 GMT" time="58.146" errors="0">
  <testcase name="pageTitleTest" time="3.032" classname="com.qa.sweety.tests.LoginPageTest"/>
  <testcase name="loginTest" time="7.531" classname="com.qa.sweety.tests.LoginPageTest"/>
  <testcase name="loginTest" time="27.668" classname="com.qa.sweety.tests.LoginPageTest"/>
</testsuite> <!-- Test1 -->
