<?xml version="1.0" encoding="UTF-8"?>
<!-- Generated by org.testng.reporters.JUnitXMLReporter -->
<testsuite hostname="Sachins-MacBook-Air.local" ignored="0" name="Test" tests="5" failures="0" timestamp="12 Aug 2018 15:31:20 GMT" time="73.032" errors="0">
  <testcase name="pageTitleTest" time="3.026" classname="com.qa.sweety.tests.LoginPageTest"/>
  <testcase name="verifyEntry" time="6.132" classname="com.qa.sweety.tests.EntryPageTest"/>
  <testcase name="verifyReport" time="4.245" classname="com.qa.sweety.tests.ReportPageTest"/>
  <testcase name="loginTest" time="7.29" classname="com.qa.sweety.tests.LoginPageTest"/>
  <testcase name="loginTest" time="27.407" classname="com.qa.sweety.tests.LoginPageTest"/>
</testsuite> <!-- Test -->
