<?xml version="1.0" encoding="UTF-8"?>
<!-- Generated by org.testng.reporters.JUnitXMLReporter -->
<testsuite hostname="Sachins-Air.blr-office.geekyants.com" ignored="0" name="Test1" tests="4" failures="2" timestamp="21 Aug 2018 09:32:48 GMT" time="30.361" errors="0">
  <testcase name="pageTitleTest" time="3.025" classname="com.qa.sweety.tests.LoginPageTest"/>
  <testcase name="validLoginTest" time="5.258" classname="com.qa.sweety.tests.LoginPageTest"/>
  <testcase name="invalidPasswordTest" time="3.904" classname="com.qa.sweety.tests.LoginPageTest">
    <failure type="java.lang.AssertionError" message="expected [Signed in successfully.] but found [Invalid email or password.]">
      <![CDATA[java.lang.AssertionError: expected [Signed in successfully.] but found [Invalid email or password.]at com.qa.sweety.tests.LoginPageTest.invalidPasswordTest(LoginPageTest.java:97)... Removed 31 stack frames]]>
    </failure>
  </testcase> <!-- invalidPasswordTest -->
  <testcase name="invalidEmailTest" time="3.5" classname="com.qa.sweety.tests.LoginPageTest">
    <failure type="java.lang.AssertionError" message="expected [Signed in successfully.] but found [You need to sign in or sign up before continuing.]">
      <![CDATA[java.lang.AssertionError: expected [Signed in successfully.] but found [You need to sign in or sign up before continuing.]at com.qa.sweety.tests.LoginPageTest.invalidEmailTest(LoginPageTest.java:107)... Removed 31 stack frames]]>
    </failure>
  </testcase> <!-- invalidEmailTest -->
</testsuite> <!-- Test1 -->
