<?xml version="1.0" encoding="UTF-8"?>
<!-- Generated by org.testng.reporters.JUnitXMLReporter -->
<testsuite hostname="Sachins-Air.blr-office.geekyants.com" ignored="0" name="Test1" tests="4" failures="2" timestamp="20 Aug 2018 04:53:44 GMT" time="34.747" errors="0">
  <testcase name="pageTitleTest" time="3.039" classname="com.qa.sweety.tests.LoginPageTest"/>
  <testcase name="validLoginTest" time="5.468" classname="com.qa.sweety.tests.LoginPageTest"/>
  <testcase name="invalidPasswordTest" time="4.327" classname="com.qa.sweety.tests.LoginPageTest">
    <failure type="java.lang.AssertionError" message="expected [Signed in successfully.] but found [Invalid email or password.]">
      <![CDATA[java.lang.AssertionError: expected [Signed in successfully.] but found [Invalid email or password.]
	at com.qa.sweety.tests.LoginPageTest.invalidPasswordTest(LoginPageTest.java:81)
... Removed 34 stack frames]]>
    </failure>
  </testcase> <!-- invalidPasswordTest -->
  <testcase name="invalidEmailTest" time="3.669" classname="com.qa.sweety.tests.LoginPageTest">
    <failure type="java.lang.AssertionError" message="expected [Signed in successfully.] but found [You need to sign in or sign up before continuing.]">
      <![CDATA[java.lang.AssertionError: expected [Signed in successfully.] but found [You need to sign in or sign up before continuing.]
	at com.qa.sweety.tests.LoginPageTest.invalidEmailTest(LoginPageTest.java:88)
... Removed 34 stack frames]]>
    </failure>
  </testcase> <!-- invalidEmailTest -->
</testsuite> <!-- Test1 -->
