<?xml version="1.0" encoding="UTF-8"?>
<testng-results skipped="0" failed="2" ignored="0" total="6" passed="4">
  <reporter-output>
  </reporter-output>
  <suite name="Suite" duration-ms="57615" started-at="2018-08-20T04:53:09Z" finished-at="2018-08-20T04:54:07Z">
    <groups>
    </groups>
    <test name="Test1" duration-ms="34747" started-at="2018-08-20T04:53:09Z" finished-at="2018-08-20T04:53:44Z">
      <class name="com.qa.sweety.tests.LoginPageTest">
        <test-method status="PASS" signature="setUp()[pri:0, instance:com.qa.sweety.tests.LoginPageTest@6aaa5eb0]" name="setUp" is-config="true" duration-ms="6004" started-at="2018-08-20T10:23:10Z" finished-at="2018-08-20T10:23:16Z">
          <reporter-output>
          </reporter-output>
        </test-method> <!-- setUp -->
        <test-method status="PASS" signature="pageTitleTest()[pri:1, instance:com.qa.sweety.tests.LoginPageTest@6aaa5eb0]" name="pageTitleTest" duration-ms="3039" started-at="2018-08-20T10:23:16Z" finished-at="2018-08-20T10:23:19Z">
          <reporter-output>
          </reporter-output>
        </test-method> <!-- pageTitleTest -->
        <test-method status="PASS" signature="tearDown()[pri:0, instance:com.qa.sweety.tests.LoginPageTest@6aaa5eb0]" name="tearDown" is-config="true" duration-ms="95" started-at="2018-08-20T10:23:19Z" finished-at="2018-08-20T10:23:19Z">
          <reporter-output>
          </reporter-output>
        </test-method> <!-- tearDown -->
        <test-method status="PASS" signature="setUp()[pri:0, instance:com.qa.sweety.tests.LoginPageTest@6aaa5eb0]" name="setUp" is-config="true" duration-ms="3505" started-at="2018-08-20T10:23:19Z" finished-at="2018-08-20T10:23:22Z">
          <reporter-output>
          </reporter-output>
        </test-method> <!-- setUp -->
        <test-method status="PASS" signature="validLoginTest()[pri:2, instance:com.qa.sweety.tests.LoginPageTest@6aaa5eb0]" name="validLoginTest" duration-ms="5468" started-at="2018-08-20T10:23:22Z" finished-at="2018-08-20T10:23:28Z">
          <reporter-output>
          </reporter-output>
        </test-method> <!-- validLoginTest -->
        <test-method status="PASS" signature="tearDown()[pri:0, instance:com.qa.sweety.tests.LoginPageTest@6aaa5eb0]" name="tearDown" is-config="true" duration-ms="94" started-at="2018-08-20T10:23:28Z" finished-at="2018-08-20T10:23:28Z">
          <reporter-output>
          </reporter-output>
        </test-method> <!-- tearDown -->
        <test-method status="PASS" signature="setUp()[pri:0, instance:com.qa.sweety.tests.LoginPageTest@6aaa5eb0]" name="setUp" is-config="true" duration-ms="4612" started-at="2018-08-20T10:23:28Z" finished-at="2018-08-20T10:23:32Z">
          <reporter-output>
          </reporter-output>
        </test-method> <!-- setUp -->
        <test-method status="FAIL" signature="invalidPasswordTest()[pri:3, instance:com.qa.sweety.tests.LoginPageTest@6aaa5eb0]" name="invalidPasswordTest" duration-ms="4327" started-at="2018-08-20T10:23:32Z" finished-at="2018-08-20T10:23:37Z">
          <exception class="java.lang.AssertionError">
            <message>
              <![CDATA[expected [Signed in successfully.] but found [Invalid email or password.]]]>
            </message>
            <full-stacktrace>
              <![CDATA[java.lang.AssertionError: expected [Signed in successfully.] but found [Invalid email or password.]
	at org.testng.Assert.fail(Assert.java:93)
	at org.testng.Assert.failNotEquals(Assert.java:512)
	at org.testng.Assert.assertEqualsImpl(Assert.java:134)
	at org.testng.Assert.assertEquals(Assert.java:115)
	at org.testng.Assert.assertEquals(Assert.java:189)
	at org.testng.Assert.assertEquals(Assert.java:199)
	at com.qa.sweety.tests.LoginPageTest.invalidPasswordTest(LoginPageTest.java:81)
	at sun.reflect.NativeMethodAccessorImpl.invoke0(Native Method)
	at sun.reflect.NativeMethodAccessorImpl.invoke(NativeMethodAccessorImpl.java:62)
	at sun.reflect.DelegatingMethodAccessorImpl.invoke(DelegatingMethodAccessorImpl.java:43)
	at java.lang.reflect.Method.invoke(Method.java:498)
	at org.testng.internal.MethodInvocationHelper.invokeMethod(MethodInvocationHelper.java:108)
	at org.testng.internal.Invoker.invokeMethod(Invoker.java:661)
	at org.testng.internal.Invoker.invokeTestMethod(Invoker.java:869)
	at org.testng.internal.Invoker.invokeTestMethods(Invoker.java:1193)
	at org.testng.internal.TestMethodWorker.invokeTestMethods(TestMethodWorker.java:126)
	at org.testng.internal.TestMethodWorker.run(TestMethodWorker.java:109)
	at org.testng.TestRunner.privateRun(TestRunner.java:744)
	at org.testng.TestRunner.run(TestRunner.java:602)
	at org.testng.SuiteRunner.runTest(SuiteRunner.java:380)
	at org.testng.SuiteRunner.runSequentially(SuiteRunner.java:375)
	at org.testng.SuiteRunner.privateRun(SuiteRunner.java:340)
	at org.testng.SuiteRunner.run(SuiteRunner.java:289)
	at org.testng.SuiteRunnerWorker.runSuite(SuiteRunnerWorker.java:52)
	at org.testng.SuiteRunnerWorker.run(SuiteRunnerWorker.java:86)
	at org.testng.TestNG.runSuitesSequentially(TestNG.java:1301)
	at org.testng.TestNG.runSuitesLocally(TestNG.java:1226)
	at org.testng.TestNG.runSuites(TestNG.java:1144)
	at org.testng.TestNG.run(TestNG.java:1115)
	at org.apache.maven.surefire.testng.TestNGExecutor.run(TestNGExecutor.java:295)
	at org.apache.maven.surefire.testng.TestNGXmlTestSuite.execute(TestNGXmlTestSuite.java:84)
	at org.apache.maven.surefire.testng.TestNGProvider.invoke(TestNGProvider.java:90)
	at org.apache.maven.surefire.booter.ForkedBooter.invokeProviderInSameClassLoader(ForkedBooter.java:203)
	at org.apache.maven.surefire.booter.ForkedBooter.runSuitesInProcess(ForkedBooter.java:155)
	at org.apache.maven.surefire.booter.ForkedBooter.main(ForkedBooter.java:103)
]]>
            </full-stacktrace>
          </exception> <!-- java.lang.AssertionError -->
          <reporter-output>
          </reporter-output>
        </test-method> <!-- invalidPasswordTest -->
        <test-method status="PASS" signature="tearDown()[pri:0, instance:com.qa.sweety.tests.LoginPageTest@6aaa5eb0]" name="tearDown" is-config="true" duration-ms="97" started-at="2018-08-20T10:23:37Z" finished-at="2018-08-20T10:23:37Z">
          <reporter-output>
          </reporter-output>
        </test-method> <!-- tearDown -->
        <test-method status="PASS" signature="setUp()[pri:0, instance:com.qa.sweety.tests.LoginPageTest@6aaa5eb0]" name="setUp" is-config="true" duration-ms="3664" started-at="2018-08-20T10:23:37Z" finished-at="2018-08-20T10:23:40Z">
          <reporter-output>
          </reporter-output>
        </test-method> <!-- setUp -->
        <test-method status="FAIL" signature="invalidEmailTest()[pri:4, instance:com.qa.sweety.tests.LoginPageTest@6aaa5eb0]" name="invalidEmailTest" duration-ms="3669" started-at="2018-08-20T10:23:40Z" finished-at="2018-08-20T10:23:44Z">
          <exception class="java.lang.AssertionError">
            <message>
              <![CDATA[expected [Signed in successfully.] but found [You need to sign in or sign up before continuing.]]]>
            </message>
            <full-stacktrace>
              <![CDATA[java.lang.AssertionError: expected [Signed in successfully.] but found [You need to sign in or sign up before continuing.]
	at org.testng.Assert.fail(Assert.java:93)
	at org.testng.Assert.failNotEquals(Assert.java:512)
	at org.testng.Assert.assertEqualsImpl(Assert.java:134)
	at org.testng.Assert.assertEquals(Assert.java:115)
	at org.testng.Assert.assertEquals(Assert.java:189)
	at org.testng.Assert.assertEquals(Assert.java:199)
	at com.qa.sweety.tests.LoginPageTest.invalidEmailTest(LoginPageTest.java:88)
	at sun.reflect.NativeMethodAccessorImpl.invoke0(Native Method)
	at sun.reflect.NativeMethodAccessorImpl.invoke(NativeMethodAccessorImpl.java:62)
	at sun.reflect.DelegatingMethodAccessorImpl.invoke(DelegatingMethodAccessorImpl.java:43)
	at java.lang.reflect.Method.invoke(Method.java:498)
	at org.testng.internal.MethodInvocationHelper.invokeMethod(MethodInvocationHelper.java:108)
	at org.testng.internal.Invoker.invokeMethod(Invoker.java:661)
	at org.testng.internal.Invoker.invokeTestMethod(Invoker.java:869)
	at org.testng.internal.Invoker.invokeTestMethods(Invoker.java:1193)
	at org.testng.internal.TestMethodWorker.invokeTestMethods(TestMethodWorker.java:126)
	at org.testng.internal.TestMethodWorker.run(TestMethodWorker.java:109)
	at org.testng.TestRunner.privateRun(TestRunner.java:744)
	at org.testng.TestRunner.run(TestRunner.java:602)
	at org.testng.SuiteRunner.runTest(SuiteRunner.java:380)
	at org.testng.SuiteRunner.runSequentially(SuiteRunner.java:375)
	at org.testng.SuiteRunner.privateRun(SuiteRunner.java:340)
	at org.testng.SuiteRunner.run(SuiteRunner.java:289)
	at org.testng.SuiteRunnerWorker.runSuite(SuiteRunnerWorker.java:52)
	at org.testng.SuiteRunnerWorker.run(SuiteRunnerWorker.java:86)
	at org.testng.TestNG.runSuitesSequentially(TestNG.java:1301)
	at org.testng.TestNG.runSuitesLocally(TestNG.java:1226)
	at org.testng.TestNG.runSuites(TestNG.java:1144)
	at org.testng.TestNG.run(TestNG.java:1115)
	at org.apache.maven.surefire.testng.TestNGExecutor.run(TestNGExecutor.java:295)
	at org.apache.maven.surefire.testng.TestNGXmlTestSuite.execute(TestNGXmlTestSuite.java:84)
	at org.apache.maven.surefire.testng.TestNGProvider.invoke(TestNGProvider.java:90)
	at org.apache.maven.surefire.booter.ForkedBooter.invokeProviderInSameClassLoader(ForkedBooter.java:203)
	at org.apache.maven.surefire.booter.ForkedBooter.runSuitesInProcess(ForkedBooter.java:155)
	at org.apache.maven.surefire.booter.ForkedBooter.main(ForkedBooter.java:103)
]]>
            </full-stacktrace>
          </exception> <!-- java.lang.AssertionError -->
          <reporter-output>
          </reporter-output>
        </test-method> <!-- invalidEmailTest -->
        <test-method status="PASS" signature="tearDown()[pri:0, instance:com.qa.sweety.tests.LoginPageTest@6aaa5eb0]" name="tearDown" is-config="true" duration-ms="105" started-at="2018-08-20T10:23:44Z" finished-at="2018-08-20T10:23:44Z">
          <reporter-output>
          </reporter-output>
        </test-method> <!-- tearDown -->
      </class> <!-- com.qa.sweety.tests.LoginPageTest -->
    </test> <!-- Test1 -->
    <test name="Test2" duration-ms="9880" started-at="2018-08-20T04:53:44Z" finished-at="2018-08-20T04:53:54Z">
      <class name="com.qa.sweety.tests.EntryPageTest">
        <test-method status="PASS" signature="setUp()[pri:0, instance:com.qa.sweety.tests.EntryPageTest@1324409e]" name="setUp" is-config="true" duration-ms="3232" started-at="2018-08-20T10:23:44Z" finished-at="2018-08-20T10:23:48Z">
          <reporter-output>
          </reporter-output>
        </test-method> <!-- setUp -->
        <test-method status="PASS" signature="verifyEntry()[pri:1, instance:com.qa.sweety.tests.EntryPageTest@1324409e]" name="verifyEntry" duration-ms="6487" started-at="2018-08-20T10:23:48Z" finished-at="2018-08-20T10:23:54Z">
          <reporter-output>
          </reporter-output>
        </test-method> <!-- verifyEntry -->
        <test-method status="PASS" signature="tearDown()[pri:0, instance:com.qa.sweety.tests.EntryPageTest@1324409e]" name="tearDown" is-config="true" duration-ms="159" started-at="2018-08-20T10:23:54Z" finished-at="2018-08-20T10:23:54Z">
          <reporter-output>
          </reporter-output>
        </test-method> <!-- tearDown -->
      </class> <!-- com.qa.sweety.tests.EntryPageTest -->
    </test> <!-- Test2 -->
    <test name="Test3" duration-ms="12887" started-at="2018-08-20T04:53:54Z" finished-at="2018-08-20T04:54:07Z">
      <class name="com.qa.sweety.tests.ReportPageTest">
        <test-method status="PASS" signature="setUp()[pri:0, instance:com.qa.sweety.tests.ReportPageTest@1e67b872]" name="setUp" is-config="true" duration-ms="3604" started-at="2018-08-20T10:23:54Z" finished-at="2018-08-20T10:23:58Z">
          <reporter-output>
          </reporter-output>
        </test-method> <!-- setUp -->
        <test-method status="PASS" signature="verifyReport()[pri:1, instance:com.qa.sweety.tests.ReportPageTest@1e67b872]" name="verifyReport" duration-ms="9005" started-at="2018-08-20T10:23:58Z" finished-at="2018-08-20T10:24:07Z">
          <reporter-output>
          </reporter-output>
        </test-method> <!-- verifyReport -->
        <test-method status="PASS" signature="tearDown()[pri:0, instance:com.qa.sweety.tests.ReportPageTest@1e67b872]" name="tearDown" is-config="true" duration-ms="276" started-at="2018-08-20T10:24:07Z" finished-at="2018-08-20T10:24:07Z">
          <reporter-output>
          </reporter-output>
        </test-method> <!-- tearDown -->
      </class> <!-- com.qa.sweety.tests.ReportPageTest -->
    </test> <!-- Test3 -->
  </suite> <!-- Suite -->
</testng-results>
