<?xml version="1.0" encoding="UTF-8"?>
<testsuite name="TestSuite" time="30.649" tests="6" errors="0" skipped="0" failures="2">
  <properties>
[...]
</properties>
  <testcase name="pageTitleTest" classname="com.qa.sweety.tests.LoginPageTest" time="3.016"/>
  <testcase name="validLoginTest" classname="com.qa.sweety.tests.LoginPageTest" time="4.327"/>
  <testcase name="invalidPasswordTest" classname="com.qa.sweety.tests.LoginPageTest" time="3.995">
    <failure message="expected [Signed in successfully.] but found [Invalid email or password.]" type="java.lang.AssertionError">java.lang.AssertionError: expected [Signed in successfully.] but found [Invalid email or password.]
	at org.testng.Assert.fail(Assert.java:93)
	at org.testng.Assert.failNotEquals(Assert.java:512)
	at org.testng.Assert.assertEqualsImpl(Assert.java:134)
	at org.testng.Assert.assertEquals(Assert.java:115)
	at org.testng.Assert.assertEquals(Assert.java:189)
	at org.testng.Assert.assertEquals(Assert.java:199)
	at com.qa.sweety.tests.LoginPageTest.invalidPasswordTest(LoginPageTest.java:81)
</failure>
    <system-err><![CDATA[Starting ChromeDriver 2.41.578706 (5f725d1b4f0a4acbf5259df887244095596231db) on port 7968
Only local connections are allowed.
Aug 19, 2018 7:51:36 PM org.openqa.selenium.remote.ProtocolHandshake createSession
INFO: Detected dialect: OSS
]]></system-err>
  </testcase>
  <testcase name="invalidEmailTest" classname="com.qa.sweety.tests.LoginPageTest" time="3.475">
    <failure message="expected [Signed in successfully.] but found [You need to sign in or sign up before continuing.]" type="java.lang.AssertionError">java.lang.AssertionError: expected [Signed in successfully.] but found [You need to sign in or sign up before continuing.]
	at org.testng.Assert.fail(Assert.java:93)
	at org.testng.Assert.failNotEquals(Assert.java:512)
	at org.testng.Assert.assertEqualsImpl(Assert.java:134)
	at org.testng.Assert.assertEquals(Assert.java:115)
	at org.testng.Assert.assertEquals(Assert.java:189)
	at org.testng.Assert.assertEquals(Assert.java:199)
	at com.qa.sweety.tests.LoginPageTest.invalidEmailTest(LoginPageTest.java:88)
</failure>
    <system-err><![CDATA[Starting ChromeDriver 2.41.578706 (5f725d1b4f0a4acbf5259df887244095596231db) on port 9125
Only local connections are allowed.
Aug 19, 2018 7:51:46 PM org.openqa.selenium.remote.ProtocolHandshake createSession
INFO: Detected dialect: OSS
]]></system-err>
  </testcase>
  <testcase name="verifyEntry" classname="com.qa.sweety.tests.EntryPageTest" time="7.005"/>
  <testcase name="verifyReport" classname="com.qa.sweety.tests.ReportPageTest" time="8.831"/>
</testsuite>