<?xml version="1.0" encoding="UTF-8"?>
<testng-results skipped="0" failed="0" ignored="0" total="3" passed="3">
  <reporter-output>
  </reporter-output>
  <suite name="Default suite" duration-ms="53124" started-at="2018-08-16T10:24:17Z" finished-at="2018-08-16T10:25:10Z">
    <groups>
    </groups>
    <test name="Default test" duration-ms="53124" started-at="2018-08-16T10:24:17Z" finished-at="2018-08-16T10:25:10Z">
      <class name="com.qa.sweety.tests.LoginPageTest">
        <test-method status="PASS" signature="setUp()[pri:0, instance:com.qa.sweety.tests.LoginPageTest@73ad2d6]" name="setUp" is-config="true" duration-ms="6782" started-at="2018-08-16T15:54:17Z" finished-at="2018-08-16T15:54:24Z">
          <reporter-output>
          </reporter-output>
        </test-method> <!-- setUp -->
        <test-method status="PASS" signature="pageTitleTest()[pri:1, instance:com.qa.sweety.tests.LoginPageTest@73ad2d6]" name="pageTitleTest" duration-ms="3025" started-at="2018-08-16T15:54:24Z" finished-at="2018-08-16T15:54:27Z">
          <reporter-output>
          </reporter-output>
        </test-method> <!-- pageTitleTest -->
        <test-method status="PASS" signature="tearDown()[pri:0, instance:com.qa.sweety.tests.LoginPageTest@73ad2d6]" name="tearDown" is-config="true" duration-ms="151" started-at="2018-08-16T15:54:27Z" finished-at="2018-08-16T15:54:27Z">
          <reporter-output>
          </reporter-output>
        </test-method> <!-- tearDown -->
        <test-method status="PASS" signature="setUp()[pri:0, instance:com.qa.sweety.tests.LoginPageTest@73ad2d6]" name="setUp" is-config="true" duration-ms="3362" started-at="2018-08-16T15:54:29Z" finished-at="2018-08-16T15:54:32Z">
          <reporter-output>
          </reporter-output>
        </test-method> <!-- setUp -->
        <test-method status="PASS" signature="loginTest(java.lang.String, java.lang.String)[pri:2, instance:com.qa.sweety.tests.LoginPageTest@73ad2d6]" name="loginTest" duration-ms="7343" started-at="2018-08-16T15:54:32Z" data-provider="Authentication" finished-at="2018-08-16T15:54:39Z">
          <params>
            <param index="0">
              <value>
                <![CDATA[sachinkhot26@gmail.com]]>
              </value>
            </param>
            <param index="1">
              <value>
                <![CDATA[codetheoryio]]>
              </value>
            </param>
          </params>
          <reporter-output>
          </reporter-output>
        </test-method> <!-- loginTest -->
        <test-method status="PASS" signature="tearDown()[pri:0, instance:com.qa.sweety.tests.LoginPageTest@73ad2d6]" name="tearDown" is-config="true" duration-ms="90" started-at="2018-08-16T15:54:39Z" finished-at="2018-08-16T15:54:39Z">
          <reporter-output>
          </reporter-output>
        </test-method> <!-- tearDown -->
        <test-method status="PASS" signature="setUp()[pri:0, instance:com.qa.sweety.tests.LoginPageTest@73ad2d6]" name="setUp" is-config="true" duration-ms="3285" started-at="2018-08-16T15:54:39Z" finished-at="2018-08-16T15:54:43Z">
          <reporter-output>
          </reporter-output>
        </test-method> <!-- setUp -->
        <test-method status="PASS" signature="loginTest(java.lang.String, java.lang.String)[pri:2, instance:com.qa.sweety.tests.LoginPageTest@73ad2d6]" name="loginTest" duration-ms="27557" started-at="2018-08-16T15:54:43Z" data-provider="Authentication" finished-at="2018-08-16T15:55:10Z">
          <params>
            <param index="0">
              <value>
                <![CDATA[sachinkhot26+11@gmail.com]]>
              </value>
            </param>
            <param index="1">
              <value>
                <![CDATA[codetheoryio123]]>
              </value>
            </param>
          </params>
          <reporter-output>
          </reporter-output>
        </test-method> <!-- loginTest -->
        <test-method status="PASS" signature="tearDown()[pri:0, instance:com.qa.sweety.tests.LoginPageTest@73ad2d6]" name="tearDown" is-config="true" duration-ms="140" started-at="2018-08-16T15:55:10Z" finished-at="2018-08-16T15:55:10Z">
          <reporter-output>
          </reporter-output>
        </test-method> <!-- tearDown -->
      </class> <!-- com.qa.sweety.tests.LoginPageTest -->
    </test> <!-- Default test -->
  </suite> <!-- Default suite -->
</testng-results>
