<?xml version="1.0" encoding="UTF-8"?>
<testng-results skipped="0" failed="0" ignored="0" total="1" passed="1">
  <reporter-output>
  </reporter-output>
  <suite name="Default suite" duration-ms="17535" started-at="2018-08-12T16:02:35Z" finished-at="2018-08-12T16:02:52Z">
    <groups>
    </groups>
    <test name="Default test" duration-ms="17535" started-at="2018-08-12T16:02:35Z" finished-at="2018-08-12T16:02:52Z">
      <class name="com.qa.sweety.tests.ReportPageTest">
        <test-method status="PASS" signature="setUp()[pri:0, instance:com.qa.sweety.tests.ReportPageTest@589838eb]" name="setUp" is-config="true" duration-ms="7682" started-at="2018-08-12T21:32:35Z" finished-at="2018-08-12T21:32:42Z">
          <reporter-output>
          </reporter-output>
        </test-method> <!-- setUp -->
        <test-method status="PASS" signature="verifyReport()[pri:1, instance:com.qa.sweety.tests.ReportPageTest@589838eb]" name="verifyReport" duration-ms="9716" started-at="2018-08-12T21:32:42Z" finished-at="2018-08-12T21:32:52Z">
          <reporter-output>
          </reporter-output>
        </test-method> <!-- verifyReport -->
        <test-method status="PASS" signature="tearDown()[pri:0, instance:com.qa.sweety.tests.ReportPageTest@589838eb]" name="tearDown" is-config="true" duration-ms="103" started-at="2018-08-12T21:32:52Z" finished-at="2018-08-12T21:32:52Z">
          <reporter-output>
          </reporter-output>
        </test-method> <!-- tearDown -->
      </class> <!-- com.qa.sweety.tests.ReportPageTest -->
    </test> <!-- Default test -->
  </suite> <!-- Default suite -->
</testng-results>
